<?xml version="1.0" encoding="UTF-8"?>
<!-- Generated by org.testng.reporters.JUnitXMLReporter -->
<testsuite ignored="0" hostname="VASUNDHARA" failures="0" tests="2" name="Test1" time="0.105" errors="0" timestamp="2023-02-15T13:04:30 IST">
  <testcase classname="vasu2021.Paralleltest" name="@BeforeTest before" time="-1.676446470371E9">
    <failure type="org.testng.TestNGException" message="
Can inject only one of &amp;lt;ITestContext, XmlTest&amp;gt; into a @BeforeTest annotated before.
For more information on native dependency injection please refer to http://testng.org/doc/documentation-main.html#native-dependency-injection">
      <![CDATA[org.testng.TestNGException: 
Can inject only one of <ITestContext, XmlTest> into a @BeforeTest annotated before.
For more information on native dependency injection please refer to http://testng.org/doc/documentation-main.html#native-dependency-injection
at java.base/java.util.concurrent.FutureTask.run(FutureTask.java:317)
at java.base/java.util.concurrent.ThreadPoolExecutor.runWorker(ThreadPoolExecutor.java:1144)
at java.base/java.util.concurrent.ThreadPoolExecutor$Worker.run(ThreadPoolExecutor.java:642)
at java.base/java.lang.Thread.run(Thread.java:1589)
... Removed 12 stack frames]]>
    </failure>
  </testcase> <!-- @BeforeTest before -->
  <testcase classname="vasu2021.Paralleltest" name="@AfterTest after" time="-1.676446470458E9">
    <skipped/>
  </testcase> <!-- @AfterTest after -->
  <testcase classname="vasu2021.Paralleltest" name="OrengeHRM" time="0.0">
    <skipped/>
  </testcase> <!-- OrengeHRM -->
  <testcase classname="vasu2021.Paralleltest" name="OrengeHRM" time="0.0">
    <skipped/>
  </testcase> <!-- OrengeHRM -->
</testsuite> <!-- Test1 -->
