<?xml version="1.0" encoding="UTF-8"?>
<!-- Generated by org.testng.reporters.JUnitXMLReporter -->
<testsuite ignored="1" hostname="VASUNDHARA" failures="0" tests="2" name="TestngGroup" time="0.104" errors="0" timestamp="2023-01-19T23:00:02 IST">
  <testcase classname="vasu2021.Grouptesting" name="testcase1" time="0.022"/>
  <testcase classname="vasu2021.Grouptesting" name="testcase3" time="0.007"/>
  <testcase classname="vasu2021.Grouptesting" name="testcase2" time="0.0">
    <ignored/>
  </testcase> <!-- testcase2 -->
</testsuite> <!-- TestngGroup -->
